<?xml version="1.0" encoding="UTF-8"?>
<!-- Generated by org.testng.reporters.JUnitXMLReporter -->
<testsuite ignored="0" hostname="DESKTOP-4K4NBNI" failures="0" tests="3" name="chromeCase" time="23.072" errors="0" timestamp="2023-06-19T09:33:33 IST">
  <testcase classname="PracticeProgramA.A1_Alerts" name="HandlingAlerts" time="3.128"/>
  <testcase classname="PracticeProgramA.A7_INR_optionsvalidation" name="options" time="0.472"/>
  <testcase classname="PracticeTestingB.B15_Frames" name="clickable" time="3.823"/>
</testsuite> <!-- chromeCase -->
