<?xml version="1.0" encoding="UTF-8"?>
<!-- Generated by org.testng.reporters.JUnitXMLReporter -->
<testsuite ignored="0" hostname="DESKTOP-4K4NBNI" failures="0" tests="3" name="FirefoxCase" time="25.809" errors="0" timestamp="2023-06-19T09:33:10 IST">
  <testcase classname="PracticeProgramA.A1_Alerts" name="HandlingAlerts" time="3.145"/>
  <testcase classname="PracticeProgramA.A7_INR_optionsvalidation" name="options" time="0.486"/>
  <testcase classname="PracticeTestingB.B15_Frames" name="clickable" time="4.095"/>
</testsuite> <!-- FirefoxCase -->
