<?xml version="1.0" encoding="UTF-8"?>
<!-- Generated by org.testng.reporters.JUnitXMLReporter -->
<testsuite ignored="0" hostname="DESKTOP-4K4NBNI" failures="0" tests="3" name="IECase" time="21.513" errors="0" timestamp="2023-06-19T09:33:55 IST">
  <testcase classname="PracticeProgramA.A1_Alerts" name="HandlingAlerts" time="3.132"/>
  <testcase classname="PracticeProgramA.A7_INR_optionsvalidation" name="options" time="0.456"/>
  <testcase classname="PracticeTestingB.B15_Frames" name="clickable" time="3.928"/>
</testsuite> <!-- IECase -->
