<?xml version="1.0" encoding="UTF-8"?>
<!-- Generated by org.testng.reporters.JUnitXMLReporter -->
<testsuite ignored="0" hostname="DESKTOP-4K4NBNI" failures="0" tests="3" name="SafariCase" time="22.349" errors="0" timestamp="2023-06-19T09:34:17 IST">
  <testcase classname="PracticeProgramA.A1_Alerts" name="HandlingAlerts" time="3.159"/>
  <testcase classname="PracticeProgramA.A7_INR_optionsvalidation" name="options" time="0.468"/>
  <testcase classname="PracticeTestingB.B15_Frames" name="clickable" time="3.89"/>
</testsuite> <!-- SafariCase -->
