<?xml version="1.0" encoding="UTF-8"?>
<!-- Generated by org.testng.reporters.JUnitXMLReporter -->
<testsuite ignored="0" hostname="DESKTOP-4K4NBNI" failures="0" tests="4" name="Test" time="40.777" errors="0" timestamp="2023-06-19T09:38:49 IST">
  <testcase classname="PracticeProgramA.A1_Alerts" name="HandlingAlerts" time="3.134"/>
  <testcase classname="PracticeProgramA.A7_INR_optionsvalidation" name="options" time="0.499"/>
  <testcase classname="PracticeTestingB.B15_Frames" name="clickable" time="3.922"/>
  <testcase classname="PracticeTestingB.B18_DataDriven" name="data" time="13.904"/>
</testsuite> <!-- Test -->
